[0.070s] DEBUG:colcon:Command line arguments: ['/usr/bin/colcon', 'build', '--symlink-install']
[0.070s] DEBUG:colcon:Parsed command line arguments: Namespace(log_base=None, log_level=None, verb_name='build', build_base='build', install_base='install', merge_install=False, symlink_install=True, test_result_base=None, continue_on_error=False, executor='parallel', parallel_workers=24, event_handlers=None, ignore_user_meta=False, metas=['./colcon.meta'], base_paths=['.'], packages_ignore=None, packages_ignore_regex=None, paths=None, packages_up_to=None, packages_up_to_regex=None, packages_above=None, packages_above_and_dependencies=None, packages_above_depth=None, packages_select_by_dep=None, packages_skip_by_dep=None, packages_skip_up_to=None, packages_select_build_failed=False, packages_skip_build_finished=False, packages_select_test_failures=False, packages_skip_test_passed=False, packages_select=None, packages_skip=None, packages_select_regex=None, packages_skip_regex=None, packages_start=None, packages_end=None, allow_overriding=[], cmake_args=None, cmake_target=None, cmake_target_skip_unavailable=False, cmake_clean_cache=False, cmake_clean_first=False, cmake_force_configure=False, ament_cmake_args=None, catkin_cmake_args=None, catkin_skip_building_tests=False, mixin_files=None, mixin=None, verb_parser=<colcon_mixin.mixin.mixin_argument.MixinArgumentDecorator object at 0x7fdded86bfa0>, verb_extension=<colcon_core.verb.build.BuildVerb object at 0x7fddeda347c0>, main=<bound method BuildVerb.main of <colcon_core.verb.build.BuildVerb object at 0x7fddeda347c0>>, mixin_verb=('build',))
[0.195s] Level 1:colcon.colcon_core.package_discovery:discover_packages(colcon_meta) check parameters
[0.195s] Level 1:colcon.colcon_core.package_discovery:discover_packages(recursive) check parameters
[0.195s] Level 1:colcon.colcon_core.package_discovery:discover_packages(ignore) check parameters
[0.195s] Level 1:colcon.colcon_core.package_discovery:discover_packages(path) check parameters
[0.195s] Level 1:colcon.colcon_core.package_discovery:discover_packages(colcon_meta) discover
[0.195s] Level 1:colcon.colcon_core.package_discovery:discover_packages(recursive) discover
[0.195s] INFO:colcon.colcon_core.package_discovery:Crawling recursively for packages in '/home/ddarji/autonomy_ws/src/237Asections/s3_basic'
[0.195s] Level 1:colcon.colcon_core.package_identification:_identify(.) by extensions ['ignore', 'ignore_ament_install']
[0.195s] Level 1:colcon.colcon_core.package_identification:_identify(.) by extension 'ignore'
[0.195s] Level 1:colcon.colcon_core.package_identification:_identify(.) by extension 'ignore_ament_install'
[0.195s] Level 1:colcon.colcon_core.package_identification:_identify(.) by extensions ['colcon_pkg']
[0.195s] Level 1:colcon.colcon_core.package_identification:_identify(.) by extension 'colcon_pkg'
[0.195s] Level 1:colcon.colcon_core.package_identification:_identify(.) by extensions ['colcon_meta']
[0.195s] Level 1:colcon.colcon_core.package_identification:_identify(.) by extension 'colcon_meta'
[0.195s] Level 1:colcon.colcon_core.package_identification:_identify(.) by extensions ['ros']
[0.196s] Level 1:colcon.colcon_core.package_identification:_identify(.) by extension 'ros'
[0.203s] DEBUG:colcon.colcon_core.package_identification:Package '.' with type 'ros.ament_cmake' and name 's3_basic'
[0.203s] Level 1:colcon.colcon_core.package_discovery:discover_packages(recursive) using defaults
[0.203s] Level 1:colcon.colcon_core.package_discovery:discover_packages(ignore) discover
[0.203s] Level 1:colcon.colcon_core.package_discovery:discover_packages(ignore) using defaults
[0.203s] Level 1:colcon.colcon_core.package_discovery:discover_packages(path) discover
[0.203s] Level 1:colcon.colcon_core.package_discovery:discover_packages(path) using defaults
[0.219s] Level 1:colcon.colcon_core.package_discovery:discover_packages(prefix_path) check parameters
[0.219s] Level 1:colcon.colcon_core.package_discovery:discover_packages(prefix_path) discover
[0.221s] DEBUG:colcon.colcon_installed_package_information.package_discovery:Found 3 installed packages in /home/ddarji/autonomy_ws/install
[0.221s] DEBUG:colcon.colcon_installed_package_information.package_discovery:Found 18 installed packages in /home/ddarji/tb_ws/install
[0.222s] DEBUG:colcon.colcon_installed_package_information.package_discovery:Found 306 installed packages in /opt/ros/humble
[0.223s] Level 1:colcon.colcon_core.package_discovery:discover_packages(prefix_path) using defaults
[0.249s] Level 5:colcon.colcon_core.verb:set package 's3_basic' build argument 'cmake_args' from command line to 'None'
[0.249s] Level 5:colcon.colcon_core.verb:set package 's3_basic' build argument 'cmake_target' from command line to 'None'
[0.249s] Level 5:colcon.colcon_core.verb:set package 's3_basic' build argument 'cmake_target_skip_unavailable' from command line to 'False'
[0.249s] Level 5:colcon.colcon_core.verb:set package 's3_basic' build argument 'cmake_clean_cache' from command line to 'False'
[0.249s] Level 5:colcon.colcon_core.verb:set package 's3_basic' build argument 'cmake_clean_first' from command line to 'False'
[0.249s] Level 5:colcon.colcon_core.verb:set package 's3_basic' build argument 'cmake_force_configure' from command line to 'False'
[0.249s] Level 5:colcon.colcon_core.verb:set package 's3_basic' build argument 'ament_cmake_args' from command line to 'None'
[0.249s] Level 5:colcon.colcon_core.verb:set package 's3_basic' build argument 'catkin_cmake_args' from command line to 'None'
[0.249s] Level 5:colcon.colcon_core.verb:set package 's3_basic' build argument 'catkin_skip_building_tests' from command line to 'False'
[0.249s] DEBUG:colcon.colcon_core.verb:Building package 's3_basic' with the following arguments: {'ament_cmake_args': None, 'build_base': '/home/ddarji/autonomy_ws/src/237Asections/s3_basic/build/s3_basic', 'catkin_cmake_args': None, 'catkin_skip_building_tests': False, 'cmake_args': None, 'cmake_clean_cache': False, 'cmake_clean_first': False, 'cmake_force_configure': False, 'cmake_target': None, 'cmake_target_skip_unavailable': False, 'install_base': '/home/ddarji/autonomy_ws/src/237Asections/s3_basic/install/s3_basic', 'merge_install': False, 'path': '/home/ddarji/autonomy_ws/src/237Asections/s3_basic', 'symlink_install': True, 'test_result_base': None}
[0.249s] INFO:colcon.colcon_core.executor:Executing jobs using 'parallel' executor
[0.250s] DEBUG:colcon.colcon_parallel_executor.executor.parallel:run_until_complete
[0.250s] INFO:colcon.colcon_ros.task.ament_cmake.build:Building ROS package in '/home/ddarji/autonomy_ws/src/237Asections/s3_basic' with build type 'ament_cmake'
[0.250s] INFO:colcon.colcon_cmake.task.cmake.build:Building CMake package in '/home/ddarji/autonomy_ws/src/237Asections/s3_basic'
[0.252s] INFO:colcon.colcon_core.plugin_system:Skipping extension 'colcon_core.shell.bat': Not used on non-Windows systems
[0.252s] INFO:colcon.colcon_core.shell:Skip shell extension 'powershell' for command environment: Not usable outside of PowerShell
[0.252s] DEBUG:colcon.colcon_core.shell:Skip shell extension 'dsv' for command environment
[0.261s] DEBUG:colcon.colcon_core.event_handler.log_command:Invoking command in '/home/ddarji/autonomy_ws/src/237Asections/s3_basic/build/s3_basic': CMAKE_PREFIX_PATH=${CMAKE_PREFIX_PATH}:/opt/ros/humble /usr/bin/cmake --build /home/ddarji/autonomy_ws/src/237Asections/s3_basic/build/s3_basic -- -j24 -l24
[0.551s] DEBUG:colcon.colcon_core.event_handler.log_command:Invoked command in '/home/ddarji/autonomy_ws/src/237Asections/s3_basic/build/s3_basic' returned '0': CMAKE_PREFIX_PATH=${CMAKE_PREFIX_PATH}:/opt/ros/humble /usr/bin/cmake --build /home/ddarji/autonomy_ws/src/237Asections/s3_basic/build/s3_basic -- -j24 -l24
[0.583s] DEBUG:colcon.colcon_core.event_handler.log_command:Invoking command in '/home/ddarji/autonomy_ws/src/237Asections/s3_basic/build/s3_basic': CMAKE_PREFIX_PATH=${CMAKE_PREFIX_PATH}:/opt/ros/humble /usr/bin/cmake --install /home/ddarji/autonomy_ws/src/237Asections/s3_basic/build/s3_basic
[0.622s] Level 1:colcon.colcon_core.environment:create_environment_scripts_only(s3_basic)
[0.622s] DEBUG:colcon.colcon_core.event_handler.log_command:Invoked command in '/home/ddarji/autonomy_ws/src/237Asections/s3_basic/build/s3_basic' returned '0': CMAKE_PREFIX_PATH=${CMAKE_PREFIX_PATH}:/opt/ros/humble /usr/bin/cmake --install /home/ddarji/autonomy_ws/src/237Asections/s3_basic/build/s3_basic
[0.624s] Level 1:colcon.colcon_core.environment:checking '/home/ddarji/autonomy_ws/src/237Asections/s3_basic/install/s3_basic' for CMake module files
[0.625s] Level 1:colcon.colcon_core.environment:checking '/home/ddarji/autonomy_ws/src/237Asections/s3_basic/install/s3_basic' for CMake config files
[0.625s] Level 1:colcon.colcon_core.shell:create_environment_hook('s3_basic', 'cmake_prefix_path')
[0.625s] INFO:colcon.colcon_core.shell:Creating environment hook '/home/ddarji/autonomy_ws/src/237Asections/s3_basic/install/s3_basic/share/s3_basic/hook/cmake_prefix_path.ps1'
[0.626s] INFO:colcon.colcon_core.shell:Creating environment descriptor '/home/ddarji/autonomy_ws/src/237Asections/s3_basic/install/s3_basic/share/s3_basic/hook/cmake_prefix_path.dsv'
[0.626s] INFO:colcon.colcon_core.shell:Creating environment hook '/home/ddarji/autonomy_ws/src/237Asections/s3_basic/install/s3_basic/share/s3_basic/hook/cmake_prefix_path.sh'
[0.627s] Level 1:colcon.colcon_core.environment:checking '/home/ddarji/autonomy_ws/src/237Asections/s3_basic/install/s3_basic/lib'
[0.627s] Level 1:colcon.colcon_core.environment:checking '/home/ddarji/autonomy_ws/src/237Asections/s3_basic/install/s3_basic/bin'
[0.627s] Level 1:colcon.colcon_core.environment:checking '/home/ddarji/autonomy_ws/src/237Asections/s3_basic/install/s3_basic/lib/pkgconfig/s3_basic.pc'
[0.628s] Level 1:colcon.colcon_core.environment:checking '/home/ddarji/autonomy_ws/src/237Asections/s3_basic/install/s3_basic/lib/python3.10/site-packages'
[0.628s] Level 1:colcon.colcon_core.environment:checking '/home/ddarji/autonomy_ws/src/237Asections/s3_basic/install/s3_basic/bin'
[0.628s] INFO:colcon.colcon_core.shell:Creating package script '/home/ddarji/autonomy_ws/src/237Asections/s3_basic/install/s3_basic/share/s3_basic/package.ps1'
[0.629s] INFO:colcon.colcon_core.shell:Creating package descriptor '/home/ddarji/autonomy_ws/src/237Asections/s3_basic/install/s3_basic/share/s3_basic/package.dsv'
[0.629s] INFO:colcon.colcon_core.shell:Creating package script '/home/ddarji/autonomy_ws/src/237Asections/s3_basic/install/s3_basic/share/s3_basic/package.sh'
[0.630s] INFO:colcon.colcon_core.shell:Creating package script '/home/ddarji/autonomy_ws/src/237Asections/s3_basic/install/s3_basic/share/s3_basic/package.bash'
[0.631s] INFO:colcon.colcon_core.shell:Creating package script '/home/ddarji/autonomy_ws/src/237Asections/s3_basic/install/s3_basic/share/s3_basic/package.zsh'
[0.631s] Level 1:colcon.colcon_core.environment:create_file_with_runtime_dependencies(/home/ddarji/autonomy_ws/src/237Asections/s3_basic/install/s3_basic/share/colcon-core/packages/s3_basic)
[0.660s] Level 1:colcon.colcon_core.environment:create_environment_scripts_only(s3_basic)
[0.660s] Level 1:colcon.colcon_core.environment:checking '/home/ddarji/autonomy_ws/src/237Asections/s3_basic/install/s3_basic' for CMake module files
[0.661s] Level 1:colcon.colcon_core.environment:checking '/home/ddarji/autonomy_ws/src/237Asections/s3_basic/install/s3_basic' for CMake config files
[0.661s] Level 1:colcon.colcon_core.shell:create_environment_hook('s3_basic', 'cmake_prefix_path')
[0.661s] INFO:colcon.colcon_core.shell:Creating environment hook '/home/ddarji/autonomy_ws/src/237Asections/s3_basic/install/s3_basic/share/s3_basic/hook/cmake_prefix_path.ps1'
[0.662s] INFO:colcon.colcon_core.shell:Creating environment descriptor '/home/ddarji/autonomy_ws/src/237Asections/s3_basic/install/s3_basic/share/s3_basic/hook/cmake_prefix_path.dsv'
[0.662s] INFO:colcon.colcon_core.shell:Creating environment hook '/home/ddarji/autonomy_ws/src/237Asections/s3_basic/install/s3_basic/share/s3_basic/hook/cmake_prefix_path.sh'
[0.662s] Level 1:colcon.colcon_core.environment:checking '/home/ddarji/autonomy_ws/src/237Asections/s3_basic/install/s3_basic/lib'
[0.662s] Level 1:colcon.colcon_core.environment:checking '/home/ddarji/autonomy_ws/src/237Asections/s3_basic/install/s3_basic/bin'
[0.662s] Level 1:colcon.colcon_core.environment:checking '/home/ddarji/autonomy_ws/src/237Asections/s3_basic/install/s3_basic/lib/pkgconfig/s3_basic.pc'
[0.663s] Level 1:colcon.colcon_core.environment:checking '/home/ddarji/autonomy_ws/src/237Asections/s3_basic/install/s3_basic/lib/python3.10/site-packages'
[0.663s] Level 1:colcon.colcon_core.environment:checking '/home/ddarji/autonomy_ws/src/237Asections/s3_basic/install/s3_basic/bin'
[0.663s] INFO:colcon.colcon_core.shell:Creating package script '/home/ddarji/autonomy_ws/src/237Asections/s3_basic/install/s3_basic/share/s3_basic/package.ps1'
[0.664s] INFO:colcon.colcon_core.shell:Creating package descriptor '/home/ddarji/autonomy_ws/src/237Asections/s3_basic/install/s3_basic/share/s3_basic/package.dsv'
[0.664s] INFO:colcon.colcon_core.shell:Creating package script '/home/ddarji/autonomy_ws/src/237Asections/s3_basic/install/s3_basic/share/s3_basic/package.sh'
[0.664s] INFO:colcon.colcon_core.shell:Creating package script '/home/ddarji/autonomy_ws/src/237Asections/s3_basic/install/s3_basic/share/s3_basic/package.bash'
[0.665s] INFO:colcon.colcon_core.shell:Creating package script '/home/ddarji/autonomy_ws/src/237Asections/s3_basic/install/s3_basic/share/s3_basic/package.zsh'
[0.665s] Level 1:colcon.colcon_core.environment:create_file_with_runtime_dependencies(/home/ddarji/autonomy_ws/src/237Asections/s3_basic/install/s3_basic/share/colcon-core/packages/s3_basic)
[0.665s] DEBUG:colcon.colcon_parallel_executor.executor.parallel:closing loop
[0.666s] DEBUG:colcon.colcon_parallel_executor.executor.parallel:loop closed
[0.666s] DEBUG:colcon.colcon_parallel_executor.executor.parallel:run_until_complete finished with '0'
[0.666s] DEBUG:colcon.colcon_core.event_reactor:joining thread
[0.670s] INFO:colcon.colcon_core.plugin_system:Skipping extension 'colcon_notification.desktop_notification.terminal_notifier': Not used on non-Darwin systems
[0.670s] INFO:colcon.colcon_core.plugin_system:Skipping extension 'colcon_notification.desktop_notification.win32': Not used on non-Windows systems
[0.670s] INFO:colcon.colcon_notification.desktop_notification:Sending desktop notification using 'notify2'
[0.699s] DEBUG:colcon.colcon_core.event_reactor:joined thread
[0.699s] INFO:colcon.colcon_core.shell:Creating prefix script '/home/ddarji/autonomy_ws/src/237Asections/s3_basic/install/local_setup.ps1'
[0.700s] INFO:colcon.colcon_core.shell:Creating prefix util module '/home/ddarji/autonomy_ws/src/237Asections/s3_basic/install/_local_setup_util_ps1.py'
[0.702s] INFO:colcon.colcon_core.shell:Creating prefix chain script '/home/ddarji/autonomy_ws/src/237Asections/s3_basic/install/setup.ps1'
[0.704s] INFO:colcon.colcon_core.shell:Creating prefix script '/home/ddarji/autonomy_ws/src/237Asections/s3_basic/install/local_setup.sh'
[0.705s] INFO:colcon.colcon_core.shell:Creating prefix util module '/home/ddarji/autonomy_ws/src/237Asections/s3_basic/install/_local_setup_util_sh.py'
[0.706s] INFO:colcon.colcon_core.shell:Creating prefix chain script '/home/ddarji/autonomy_ws/src/237Asections/s3_basic/install/setup.sh'
[0.708s] INFO:colcon.colcon_core.shell:Creating prefix script '/home/ddarji/autonomy_ws/src/237Asections/s3_basic/install/local_setup.bash'
[0.709s] INFO:colcon.colcon_core.shell:Creating prefix chain script '/home/ddarji/autonomy_ws/src/237Asections/s3_basic/install/setup.bash'
[0.711s] INFO:colcon.colcon_core.shell:Creating prefix script '/home/ddarji/autonomy_ws/src/237Asections/s3_basic/install/local_setup.zsh'
[0.712s] INFO:colcon.colcon_core.shell:Creating prefix chain script '/home/ddarji/autonomy_ws/src/237Asections/s3_basic/install/setup.zsh'
