-- Found ament_cmake: 1.3.10 (/opt/ros/humble/share/ament_cmake/cmake)
-- Override CMake install command with custom implementation using symlinks instead of copying resources
-- Found ament_lint_auto: 0.12.11 (/opt/ros/humble/share/ament_lint_auto/cmake)
-- Added test 'cppcheck' to perform static code analysis on C / C++ code
-- Configured cppcheck include dirs: 
-- Configured cppcheck exclude dirs and/or files: 
-- Added test 'flake8' to check Python code syntax and style conventions
-- Added test 'lint_cmake' to check CMake code style
-- Added test 'pep257' to check Python code against some of the docstring style conventions in PEP 257
-- Added test 'uncrustify' to check C / C++ code style
-- Configured uncrustify additional arguments: 
-- Added test 'xmllint' to check XML markup files
-- Configuring done
-- Generating done
-- Build files have been written to: /home/ddarji/autonomy_ws/src/237Asections/s3_basic/build/s3_basic
-- Install configuration: ""
-- Execute custom install script
-- Up-to-date symlink: /home/ddarji/autonomy_ws/src/237Asections/s3_basic/install/s3_basic/lib/s3_basic/constant_control.py
-- Symlinking: /home/ddarji/autonomy_ws/src/237Asections/s3_basic/install/s3_basic/share/s3_basic/launch/section3.launch.py
-- Symlinking: /home/ddarji/autonomy_ws/src/237Asections/s3_basic/install/s3_basic/share/s3_basic/rviz/section3.rviz
-- Up-to-date symlink: /home/ddarji/autonomy_ws/src/237Asections/s3_basic/install/s3_basic/share/ament_index/resource_index/package_run_dependencies/s3_basic
-- Up-to-date symlink: /home/ddarji/autonomy_ws/src/237Asections/s3_basic/install/s3_basic/share/ament_index/resource_index/parent_prefix_path/s3_basic
-- Up-to-date symlink: /home/ddarji/autonomy_ws/src/237Asections/s3_basic/install/s3_basic/share/s3_basic/environment/ament_prefix_path.sh
-- Up-to-date symlink: /home/ddarji/autonomy_ws/src/237Asections/s3_basic/install/s3_basic/share/s3_basic/environment/ament_prefix_path.dsv
-- Up-to-date symlink: /home/ddarji/autonomy_ws/src/237Asections/s3_basic/install/s3_basic/share/s3_basic/environment/path.sh
-- Up-to-date symlink: /home/ddarji/autonomy_ws/src/237Asections/s3_basic/install/s3_basic/share/s3_basic/environment/path.dsv
-- Up-to-date symlink: /home/ddarji/autonomy_ws/src/237Asections/s3_basic/install/s3_basic/share/s3_basic/local_setup.bash
-- Up-to-date symlink: /home/ddarji/autonomy_ws/src/237Asections/s3_basic/install/s3_basic/share/s3_basic/local_setup.sh
-- Up-to-date symlink: /home/ddarji/autonomy_ws/src/237Asections/s3_basic/install/s3_basic/share/s3_basic/local_setup.zsh
-- Up-to-date symlink: /home/ddarji/autonomy_ws/src/237Asections/s3_basic/install/s3_basic/share/s3_basic/local_setup.dsv
-- Symlinking: /home/ddarji/autonomy_ws/src/237Asections/s3_basic/install/s3_basic/share/s3_basic/package.dsv
-- Up-to-date symlink: /home/ddarji/autonomy_ws/src/237Asections/s3_basic/install/s3_basic/share/ament_index/resource_index/packages/s3_basic
-- Up-to-date symlink: /home/ddarji/autonomy_ws/src/237Asections/s3_basic/install/s3_basic/share/s3_basic/cmake/s3_basicConfig.cmake
-- Up-to-date symlink: /home/ddarji/autonomy_ws/src/237Asections/s3_basic/install/s3_basic/share/s3_basic/cmake/s3_basicConfig-version.cmake
-- Up-to-date symlink: /home/ddarji/autonomy_ws/src/237Asections/s3_basic/install/s3_basic/share/s3_basic/package.xml
