[0.010s] Invoking command in '/home/ddarji/autonomy_ws/src/237Asections/s3_basic/build/s3_basic': CMAKE_PREFIX_PATH=${CMAKE_PREFIX_PATH}:/opt/ros/humble /usr/bin/cmake --build /home/ddarji/autonomy_ws/src/237Asections/s3_basic/build/s3_basic -- -j24 -l24
[0.041s] -- Found ament_cmake: 1.3.10 (/opt/ros/humble/share/ament_cmake/cmake)
[0.135s] -- Override CMake install command with custom implementation using symlinks instead of copying resources
[0.142s] -- Found ament_lint_auto: 0.12.11 (/opt/ros/humble/share/ament_lint_auto/cmake)
[0.231s] -- Added test 'cppcheck' to perform static code analysis on C / C++ code
[0.231s] -- Configured cppcheck include dirs: 
[0.231s] -- Configured cppcheck exclude dirs and/or files: 
[0.233s] -- Added test 'flake8' to check Python code syntax and style conventions
[0.237s] -- Added test 'lint_cmake' to check CMake code style
[0.239s] -- Added test 'pep257' to check Python code against some of the docstring style conventions in PEP 257
[0.252s] -- Added test 'uncrustify' to check C / C++ code style
[0.253s] -- Configured uncrustify additional arguments: 
[0.254s] -- Added test 'xmllint' to check XML markup files
[0.256s] -- Configuring done
[0.259s] -- Generating done
[0.261s] -- Build files have been written to: /home/ddarji/autonomy_ws/src/237Asections/s3_basic/build/s3_basic
[0.280s] Invoked command in '/home/ddarji/autonomy_ws/src/237Asections/s3_basic/build/s3_basic' returned '0': CMAKE_PREFIX_PATH=${CMAKE_PREFIX_PATH}:/opt/ros/humble /usr/bin/cmake --build /home/ddarji/autonomy_ws/src/237Asections/s3_basic/build/s3_basic -- -j24 -l24
[0.317s] Invoking command in '/home/ddarji/autonomy_ws/src/237Asections/s3_basic/build/s3_basic': CMAKE_PREFIX_PATH=${CMAKE_PREFIX_PATH}:/opt/ros/humble /usr/bin/cmake --install /home/ddarji/autonomy_ws/src/237Asections/s3_basic/build/s3_basic
[0.324s] -- Install configuration: ""
[0.325s] -- Execute custom install script
[0.325s] -- Up-to-date symlink: /home/ddarji/autonomy_ws/src/237Asections/s3_basic/install/s3_basic/lib/s3_basic/constant_control.py
[0.325s] -- Symlinking: /home/ddarji/autonomy_ws/src/237Asections/s3_basic/install/s3_basic/share/s3_basic/launch/section3.launch.py
[0.334s] -- Symlinking: /home/ddarji/autonomy_ws/src/237Asections/s3_basic/install/s3_basic/share/s3_basic/rviz/section3.rviz
[0.346s] -- Up-to-date symlink: /home/ddarji/autonomy_ws/src/237Asections/s3_basic/install/s3_basic/share/ament_index/resource_index/package_run_dependencies/s3_basic
[0.346s] -- Up-to-date symlink: /home/ddarji/autonomy_ws/src/237Asections/s3_basic/install/s3_basic/share/ament_index/resource_index/parent_prefix_path/s3_basic
[0.346s] -- Up-to-date symlink: /home/ddarji/autonomy_ws/src/237Asections/s3_basic/install/s3_basic/share/s3_basic/environment/ament_prefix_path.sh
[0.346s] -- Up-to-date symlink: /home/ddarji/autonomy_ws/src/237Asections/s3_basic/install/s3_basic/share/s3_basic/environment/ament_prefix_path.dsv
[0.346s] -- Up-to-date symlink: /home/ddarji/autonomy_ws/src/237Asections/s3_basic/install/s3_basic/share/s3_basic/environment/path.sh
[0.347s] -- Up-to-date symlink: /home/ddarji/autonomy_ws/src/237Asections/s3_basic/install/s3_basic/share/s3_basic/environment/path.dsv
[0.347s] -- Up-to-date symlink: /home/ddarji/autonomy_ws/src/237Asections/s3_basic/install/s3_basic/share/s3_basic/local_setup.bash
[0.347s] -- Up-to-date symlink: /home/ddarji/autonomy_ws/src/237Asections/s3_basic/install/s3_basic/share/s3_basic/local_setup.sh
[0.347s] -- Up-to-date symlink: /home/ddarji/autonomy_ws/src/237Asections/s3_basic/install/s3_basic/share/s3_basic/local_setup.zsh
[0.347s] -- Up-to-date symlink: /home/ddarji/autonomy_ws/src/237Asections/s3_basic/install/s3_basic/share/s3_basic/local_setup.dsv
[0.347s] -- Symlinking: /home/ddarji/autonomy_ws/src/237Asections/s3_basic/install/s3_basic/share/s3_basic/package.dsv
[0.353s] -- Up-to-date symlink: /home/ddarji/autonomy_ws/src/237Asections/s3_basic/install/s3_basic/share/ament_index/resource_index/packages/s3_basic
[0.354s] -- Up-to-date symlink: /home/ddarji/autonomy_ws/src/237Asections/s3_basic/install/s3_basic/share/s3_basic/cmake/s3_basicConfig.cmake
[0.354s] -- Up-to-date symlink: /home/ddarji/autonomy_ws/src/237Asections/s3_basic/install/s3_basic/share/s3_basic/cmake/s3_basicConfig-version.cmake
[0.354s] -- Up-to-date symlink: /home/ddarji/autonomy_ws/src/237Asections/s3_basic/install/s3_basic/share/s3_basic/package.xml
[0.356s] Invoked command in '/home/ddarji/autonomy_ws/src/237Asections/s3_basic/build/s3_basic' returned '0': CMAKE_PREFIX_PATH=${CMAKE_PREFIX_PATH}:/opt/ros/humble /usr/bin/cmake --install /home/ddarji/autonomy_ws/src/237Asections/s3_basic/build/s3_basic
