[0.009s] Invoking command in '/home/ddarji/autonomy_ws/src/237Asections/s3_basic/build/s3_basic': CMAKE_PREFIX_PATH=${CMAKE_PREFIX_PATH}:/opt/ros/humble /usr/bin/cmake /home/ddarji/autonomy_ws/src/237Asections/s3_basic -DAMENT_CMAKE_SYMLINK_INSTALL=1 -DCMAKE_INSTALL_PREFIX=/home/ddarji/autonomy_ws/src/237Asections/s3_basic/install/s3_basic
[0.069s] -- The C compiler identification is GNU 11.4.0
[0.136s] -- The CXX compiler identification is GNU 11.4.0
[0.145s] -- Detecting C compiler ABI info
[0.232s] -- Detecting C compiler ABI info - done
[0.242s] -- Check for working C compiler: /usr/bin/cc - skipped
[0.243s] -- Detecting C compile features
[0.243s] -- Detecting C compile features - done
[0.247s] -- Detecting CXX compiler ABI info
[0.355s] -- Detecting CXX compiler ABI info - done
[0.366s] -- Check for working CXX compiler: /usr/bin/c++ - skipped
[0.366s] -- Detecting CXX compile features
[0.367s] -- Detecting CXX compile features - done
[0.374s] -- Found ament_cmake: 1.3.10 (/opt/ros/humble/share/ament_cmake/cmake)
[0.560s] -- Found Python3: /usr/bin/python3 (found version "3.10.12") found components: Interpreter 
[0.629s] -- Override CMake install command with custom implementation using symlinks instead of copying resources
[0.716s] -- Found ament_lint_auto: 0.12.11 (/opt/ros/humble/share/ament_lint_auto/cmake)
[0.806s] -- Added test 'cppcheck' to perform static code analysis on C / C++ code
[0.806s] -- Configured cppcheck include dirs: 
[0.806s] -- Configured cppcheck exclude dirs and/or files: 
[0.808s] -- Added test 'lint_cmake' to check CMake code style
[0.813s] -- Added test 'uncrustify' to check C / C++ code style
[0.813s] -- Configured uncrustify additional arguments: 
[0.814s] -- Added test 'xmllint' to check XML markup files
[0.815s] -- Configuring done
[0.818s] -- Generating done
[0.818s] -- Build files have been written to: /home/ddarji/autonomy_ws/src/237Asections/s3_basic/build/s3_basic
[0.822s] Invoked command in '/home/ddarji/autonomy_ws/src/237Asections/s3_basic/build/s3_basic' returned '0': CMAKE_PREFIX_PATH=${CMAKE_PREFIX_PATH}:/opt/ros/humble /usr/bin/cmake /home/ddarji/autonomy_ws/src/237Asections/s3_basic -DAMENT_CMAKE_SYMLINK_INSTALL=1 -DCMAKE_INSTALL_PREFIX=/home/ddarji/autonomy_ws/src/237Asections/s3_basic/install/s3_basic
[0.823s] Invoking command in '/home/ddarji/autonomy_ws/src/237Asections/s3_basic/build/s3_basic': CMAKE_PREFIX_PATH=${CMAKE_PREFIX_PATH}:/opt/ros/humble /usr/bin/cmake --build /home/ddarji/autonomy_ws/src/237Asections/s3_basic/build/s3_basic -- -j24 -l24
[0.850s] Invoked command in '/home/ddarji/autonomy_ws/src/237Asections/s3_basic/build/s3_basic' returned '0': CMAKE_PREFIX_PATH=${CMAKE_PREFIX_PATH}:/opt/ros/humble /usr/bin/cmake --build /home/ddarji/autonomy_ws/src/237Asections/s3_basic/build/s3_basic -- -j24 -l24
[0.872s] Invoking command in '/home/ddarji/autonomy_ws/src/237Asections/s3_basic/build/s3_basic': CMAKE_PREFIX_PATH=${CMAKE_PREFIX_PATH}:/opt/ros/humble /usr/bin/cmake --install /home/ddarji/autonomy_ws/src/237Asections/s3_basic/build/s3_basic
[0.880s] -- Install configuration: ""
[0.880s] -- Execute custom install script
[0.880s] -- Symlinking: /home/ddarji/autonomy_ws/src/237Asections/s3_basic/install/s3_basic/share/ament_index/resource_index/package_run_dependencies/s3_basic
[0.887s] -- Symlinking: /home/ddarji/autonomy_ws/src/237Asections/s3_basic/install/s3_basic/share/ament_index/resource_index/parent_prefix_path/s3_basic
[0.892s] -- Symlinking: /home/ddarji/autonomy_ws/src/237Asections/s3_basic/install/s3_basic/share/s3_basic/environment/ament_prefix_path.sh
[0.898s] -- Symlinking: /home/ddarji/autonomy_ws/src/237Asections/s3_basic/install/s3_basic/share/s3_basic/environment/ament_prefix_path.dsv
[0.903s] -- Symlinking: /home/ddarji/autonomy_ws/src/237Asections/s3_basic/install/s3_basic/share/s3_basic/environment/path.sh
[0.909s] -- Symlinking: /home/ddarji/autonomy_ws/src/237Asections/s3_basic/install/s3_basic/share/s3_basic/environment/path.dsv
[0.915s] -- Symlinking: /home/ddarji/autonomy_ws/src/237Asections/s3_basic/install/s3_basic/share/s3_basic/local_setup.bash
[0.920s] -- Symlinking: /home/ddarji/autonomy_ws/src/237Asections/s3_basic/install/s3_basic/share/s3_basic/local_setup.sh
[0.926s] -- Symlinking: /home/ddarji/autonomy_ws/src/237Asections/s3_basic/install/s3_basic/share/s3_basic/local_setup.zsh
[0.931s] -- Symlinking: /home/ddarji/autonomy_ws/src/237Asections/s3_basic/install/s3_basic/share/s3_basic/local_setup.dsv
[0.937s] -- Symlinking: /home/ddarji/autonomy_ws/src/237Asections/s3_basic/install/s3_basic/share/s3_basic/package.dsv
[0.943s] -- Symlinking: /home/ddarji/autonomy_ws/src/237Asections/s3_basic/install/s3_basic/share/ament_index/resource_index/packages/s3_basic
[0.949s] -- Symlinking: /home/ddarji/autonomy_ws/src/237Asections/s3_basic/install/s3_basic/share/s3_basic/cmake/s3_basicConfig.cmake
[0.954s] -- Symlinking: /home/ddarji/autonomy_ws/src/237Asections/s3_basic/install/s3_basic/share/s3_basic/cmake/s3_basicConfig-version.cmake
[0.960s] -- Symlinking: /home/ddarji/autonomy_ws/src/237Asections/s3_basic/install/s3_basic/share/s3_basic/package.xml
[0.970s] Invoked command in '/home/ddarji/autonomy_ws/src/237Asections/s3_basic/build/s3_basic' returned '0': CMAKE_PREFIX_PATH=${CMAKE_PREFIX_PATH}:/opt/ros/humble /usr/bin/cmake --install /home/ddarji/autonomy_ws/src/237Asections/s3_basic/build/s3_basic
